<<<<<<< HEAD
<<<<<<< HEAD
2021-12-08T03:22:57+00:00 CRITICAL syntax error, unexpected '<', expecting end of file in E:\HK5\DoAnCMS_NhomD\ShopD\wp-content\themes\ecommerce-plus\functions.php on line 749

2021-12-08T03:22:57+00:00 CRITICAL syntax error, unexpected '<', expecting end of file in E:\HK5\DoAnCMS_NhomD\ShopD\wp-content\themes\ecommerce-plus\functions.php on line 749

2021-12-08T09:28:38+00:00 CRITICAL syntax error, unexpected '<', expecting end of file in E:\HK5\DoAnCMS_NhomD\ShopD\wp-content\themes\ecommerce-plus\functions.php on line 747

2021-12-08T09:28:38+00:00 CRITICAL syntax error, unexpected '<', expecting end of file in E:\HK5\DoAnCMS_NhomD\ShopD\wp-content\themes\ecommerce-plus\functions.php on line 747

2021-12-08T09:29:09+00:00 CRITICAL syntax error, unexpected '<', expecting end of file in E:\HK5\DoAnCMS_NhomD\ShopD\wp-content\themes\ecommerce-plus\functions.php on line 747

2021-12-08T09:29:09+00:00 CRITICAL syntax error, unexpected '<', expecting end of file in E:\HK5\DoAnCMS_NhomD\ShopD\wp-content\themes\ecommerce-plus\functions.php on line 747

2021-12-08T09:29:10+00:00 CRITICAL syntax error, unexpected '<', expecting end of file in E:\HK5\DoAnCMS_NhomD\ShopD\wp-content\themes\ecommerce-plus\functions.php on line 747

2021-12-08T09:29:10+00:00 CRITICAL syntax error, unexpected '<', expecting end of file in E:\HK5\DoAnCMS_NhomD\ShopD\wp-content\themes\ecommerce-plus\functions.php on line 747

2021-12-08T09:29:10+00:00 CRITICAL syntax error, unexpected '<', expecting end of file in E:\HK5\DoAnCMS_NhomD\ShopD\wp-content\themes\ecommerce-plus\functions.php on line 747

2021-12-08T09:29:10+00:00 CRITICAL syntax error, unexpected '<', expecting end of file in E:\HK5\DoAnCMS_NhomD\ShopD\wp-content\themes\ecommerce-plus\functions.php on line 747

2021-12-08T09:29:11+00:00 CRITICAL syntax error, unexpected '<', expecting end of file in E:\HK5\DoAnCMS_NhomD\ShopD\wp-content\themes\ecommerce-plus\functions.php on line 747

2021-12-08T09:29:11+00:00 CRITICAL syntax error, unexpected '<', expecting end of file in E:\HK5\DoAnCMS_NhomD\ShopD\wp-content\themes\ecommerce-plus\functions.php on line 747

2021-12-08T09:29:11+00:00 CRITICAL syntax error, unexpected '<', expecting end of file in E:\HK5\DoAnCMS_NhomD\ShopD\wp-content\themes\ecommerce-plus\functions.php on line 747

2021-12-08T09:29:11+00:00 CRITICAL syntax error, unexpected '<', expecting end of file in E:\HK5\DoAnCMS_NhomD\ShopD\wp-content\themes\ecommerce-plus\functions.php on line 747

2021-12-08T09:29:11+00:00 CRITICAL syntax error, unexpected '<', expecting end of file in E:\HK5\DoAnCMS_NhomD\ShopD\wp-content\themes\ecommerce-plus\functions.php on line 747

2021-12-08T09:29:11+00:00 CRITICAL syntax error, unexpected '<', expecting end of file in E:\HK5\DoAnCMS_NhomD\ShopD\wp-content\themes\ecommerce-plus\functions.php on line 747

2021-12-08T09:32:18+00:00 CRITICAL syntax error, unexpected '?>', expecting function (T_FUNCTION) or const (T_CONST) in E:\HK5\DoAnCMS_NhomD\ShopD\wp-content\themes\ecommerce-plus\inc\widgets\product-search.php on line 22

2021-12-08T09:32:19+00:00 CRITICAL syntax error, unexpected '?>', expecting function (T_FUNCTION) or const (T_CONST) in E:\HK5\DoAnCMS_NhomD\ShopD\wp-content\themes\ecommerce-plus\inc\widgets\product-search.php on line 22

2021-12-08T14:48:41+00:00 CRITICAL Maximum execution time of 120 seconds exceeded in E:\HK5\DoAnCMS_NhomD\ShopD\wp-includes\Requests\Transport\cURL.php on line 483

=======
2021-12-08T13:03:08+00:00 CRITICAL Maximum execution time of 120 seconds exceeded in D:\Chuyen-De-CMS\DoAnCMS_NhomD\ShopD\wp-content\themes\ecommerce-plus\inc\widgets\cart-wishlist-acc.php on line 5

>>>>>>> NhomD-Trường/RecentlyProducts
=======
2021-12-08T02:23:07+00:00 CRITICAL syntax error, unexpected 'if' (T_IF) in D:\HK5-2021\CHUYENDECMS\DoAnCMS_NhomD\ShopD\wp-content\plugins\woocommerce\includes\wc-template-functions.php on line 1161

2021-12-08T02:23:08+00:00 CRITICAL syntax error, unexpected 'if' (T_IF) in D:\HK5-2021\CHUYENDECMS\DoAnCMS_NhomD\ShopD\wp-content\plugins\woocommerce\includes\wc-template-functions.php on line 1161

2021-12-08T02:38:40+00:00 CRITICAL Uncaught Error: Call to a member function is_purchasable() on null in D:\HK5-2021\CHUYENDECMS\DoAnCMS_NhomD\ShopD\wp-content\plugins\woocommerce\templates\single-product\add-to-cart\simple.php:22
Stack trace:
#0 D:\HK5-2021\CHUYENDECMS\DoAnCMS_NhomD\ShopD\wp-content\plugins\woocommerce\includes\wc-core-functions.php(345): include()
#1 D:\HK5-2021\CHUYENDECMS\DoAnCMS_NhomD\ShopD\wp-content\themes\ecommerce-plus\index.php(120): wc_get_template('single-product/...')
#2 D:\HK5-2021\CHUYENDECMS\DoAnCMS_NhomD\ShopD\wp-includes\template-loader.php(106): include('D:\\HK5-2021\\CHU...')
#3 D:\HK5-2021\CHUYENDECMS\DoAnCMS_NhomD\ShopD\wp-blog-header.php(19): require_once('D:\\HK5-2021\\CHU...')
#4 D:\HK5-2021\CHUYENDECMS\DoAnCMS_NhomD\ShopD\index.php(17): require('D:\\HK5-2021\\CHU...')
#5 {main}
  thrown in D:\HK5-2021\CHUYENDECMS\DoAnCMS_NhomD\ShopD\wp-content\plugins\woocommerce\templates\single-product\add-to-cart\simple.php on line 22

>>>>>>> NhomD-Vĩnh/Middle_HomePage
